ARM GAS  C:\Users\tugru\AppData\Local\Temp\ccNzhWDs.s 			page 1


   1              		.cpu cortex-m0plus
   2              		.arch armv6s-m
   3              		.fpu softvfp
   4              		.eabi_attribute 20, 1
   5              		.eabi_attribute 21, 1
   6              		.eabi_attribute 23, 3
   7              		.eabi_attribute 24, 1
   8              		.eabi_attribute 25, 1
   9              		.eabi_attribute 26, 1
  10              		.eabi_attribute 30, 1
  11              		.eabi_attribute 34, 0
  12              		.eabi_attribute 18, 4
  13              		.file	"adc.c"
  14              		.text
  15              	.Ltext0:
  16              		.cfi_sections	.debug_frame
  17              		.section	.text.MX_ADC1_Init,"ax",%progbits
  18              		.align	1
  19              		.global	MX_ADC1_Init
  20              		.syntax unified
  21              		.code	16
  22              		.thumb_func
  24              	MX_ADC1_Init:
  25              	.LFB440:
  26              		.file 1 "Core/Src/adc.c"
   1:Core/Src/adc.c **** /* USER CODE BEGIN Header */
   2:Core/Src/adc.c **** /**
   3:Core/Src/adc.c ****   ******************************************************************************
   4:Core/Src/adc.c ****   * @file    adc.c
   5:Core/Src/adc.c ****   * @brief   This file provides code for the configuration
   6:Core/Src/adc.c ****   *          of the ADC instances.
   7:Core/Src/adc.c ****   ******************************************************************************
   8:Core/Src/adc.c ****   * @attention
   9:Core/Src/adc.c ****   *
  10:Core/Src/adc.c ****   * Copyright (c) 2025 STMicroelectronics.
  11:Core/Src/adc.c ****   * All rights reserved.
  12:Core/Src/adc.c ****   *
  13:Core/Src/adc.c ****   * This software is licensed under terms that can be found in the LICENSE file
  14:Core/Src/adc.c ****   * in the root directory of this software component.
  15:Core/Src/adc.c ****   * If no LICENSE file comes with this software, it is provided AS-IS.
  16:Core/Src/adc.c ****   *
  17:Core/Src/adc.c ****   ******************************************************************************
  18:Core/Src/adc.c ****   */
  19:Core/Src/adc.c **** /* USER CODE END Header */
  20:Core/Src/adc.c **** /* Includes ------------------------------------------------------------------*/
  21:Core/Src/adc.c **** #include "adc.h"
  22:Core/Src/adc.c **** 
  23:Core/Src/adc.c **** /* USER CODE BEGIN 0 */
  24:Core/Src/adc.c **** 
  25:Core/Src/adc.c **** /* USER CODE END 0 */
  26:Core/Src/adc.c **** 
  27:Core/Src/adc.c **** ADC_HandleTypeDef hadc1;
  28:Core/Src/adc.c **** 
  29:Core/Src/adc.c **** /* ADC1 init function */
  30:Core/Src/adc.c **** void MX_ADC1_Init(void)
  31:Core/Src/adc.c **** {
  27              		.loc 1 31 1 view -0
ARM GAS  C:\Users\tugru\AppData\Local\Temp\ccNzhWDs.s 			page 2


  28              		.cfi_startproc
  29              		@ args = 0, pretend = 0, frame = 16
  30              		@ frame_needed = 0, uses_anonymous_args = 0
  31 0000 00B5     		push	{lr}
  32              	.LCFI0:
  33              		.cfi_def_cfa_offset 4
  34              		.cfi_offset 14, -4
  35 0002 85B0     		sub	sp, sp, #20
  36              	.LCFI1:
  37              		.cfi_def_cfa_offset 24
  32:Core/Src/adc.c **** 
  33:Core/Src/adc.c ****   /* USER CODE BEGIN ADC1_Init 0 */
  34:Core/Src/adc.c **** 
  35:Core/Src/adc.c ****   /* USER CODE END ADC1_Init 0 */
  36:Core/Src/adc.c **** 
  37:Core/Src/adc.c ****   ADC_ChannelConfTypeDef sConfig = {0};
  38              		.loc 1 37 3 view .LVU1
  39              		.loc 1 37 26 is_stmt 0 view .LVU2
  40 0004 0C22     		movs	r2, #12
  41 0006 0021     		movs	r1, #0
  42 0008 01A8     		add	r0, sp, #4
  43 000a FFF7FEFF 		bl	memset
  44              	.LVL0:
  38:Core/Src/adc.c **** 
  39:Core/Src/adc.c ****   /* USER CODE BEGIN ADC1_Init 1 */
  40:Core/Src/adc.c **** 
  41:Core/Src/adc.c ****   /* USER CODE END ADC1_Init 1 */
  42:Core/Src/adc.c **** 
  43:Core/Src/adc.c ****   /** Configure the global features of the ADC (Clock, Resolution, Data Alignment and number of con
  44:Core/Src/adc.c ****   */
  45:Core/Src/adc.c ****   hadc1.Instance = ADC1;
  45              		.loc 1 45 3 is_stmt 1 view .LVU3
  46              		.loc 1 45 18 is_stmt 0 view .LVU4
  47 000e 1A48     		ldr	r0, .L6
  48 0010 1A4B     		ldr	r3, .L6+4
  49 0012 0360     		str	r3, [r0]
  46:Core/Src/adc.c ****   hadc1.Init.ClockPrescaler = ADC_CLOCK_SYNC_PCLK_DIV2;
  50              		.loc 1 46 3 is_stmt 1 view .LVU5
  51              		.loc 1 46 29 is_stmt 0 view .LVU6
  52 0014 8023     		movs	r3, #128
  53 0016 DB05     		lsls	r3, r3, #23
  54 0018 4360     		str	r3, [r0, #4]
  47:Core/Src/adc.c ****   hadc1.Init.Resolution = ADC_RESOLUTION_12B;
  55              		.loc 1 47 3 is_stmt 1 view .LVU7
  56              		.loc 1 47 25 is_stmt 0 view .LVU8
  57 001a 0023     		movs	r3, #0
  58 001c 8360     		str	r3, [r0, #8]
  48:Core/Src/adc.c ****   hadc1.Init.DataAlign = ADC_DATAALIGN_RIGHT;
  59              		.loc 1 48 3 is_stmt 1 view .LVU9
  60              		.loc 1 48 24 is_stmt 0 view .LVU10
  61 001e C360     		str	r3, [r0, #12]
  49:Core/Src/adc.c ****   hadc1.Init.ScanConvMode = ADC_SCAN_DISABLE;
  62              		.loc 1 49 3 is_stmt 1 view .LVU11
  63              		.loc 1 49 27 is_stmt 0 view .LVU12
  64 0020 0361     		str	r3, [r0, #16]
  50:Core/Src/adc.c ****   hadc1.Init.EOCSelection = ADC_EOC_SINGLE_CONV;
  65              		.loc 1 50 3 is_stmt 1 view .LVU13
ARM GAS  C:\Users\tugru\AppData\Local\Temp\ccNzhWDs.s 			page 3


  66              		.loc 1 50 27 is_stmt 0 view .LVU14
  67 0022 0422     		movs	r2, #4
  68 0024 4261     		str	r2, [r0, #20]
  51:Core/Src/adc.c ****   hadc1.Init.LowPowerAutoWait = DISABLE;
  69              		.loc 1 51 3 is_stmt 1 view .LVU15
  70              		.loc 1 51 31 is_stmt 0 view .LVU16
  71 0026 0376     		strb	r3, [r0, #24]
  52:Core/Src/adc.c ****   hadc1.Init.LowPowerAutoPowerOff = DISABLE;
  72              		.loc 1 52 3 is_stmt 1 view .LVU17
  73              		.loc 1 52 35 is_stmt 0 view .LVU18
  74 0028 4376     		strb	r3, [r0, #25]
  53:Core/Src/adc.c ****   hadc1.Init.ContinuousConvMode = DISABLE;
  75              		.loc 1 53 3 is_stmt 1 view .LVU19
  76              		.loc 1 53 33 is_stmt 0 view .LVU20
  77 002a 8376     		strb	r3, [r0, #26]
  54:Core/Src/adc.c ****   hadc1.Init.NbrOfConversion = 1;
  78              		.loc 1 54 3 is_stmt 1 view .LVU21
  79              		.loc 1 54 30 is_stmt 0 view .LVU22
  80 002c 033A     		subs	r2, r2, #3
  81 002e C261     		str	r2, [r0, #28]
  55:Core/Src/adc.c ****   hadc1.Init.DiscontinuousConvMode = DISABLE;
  82              		.loc 1 55 3 is_stmt 1 view .LVU23
  83              		.loc 1 55 36 is_stmt 0 view .LVU24
  84 0030 1F32     		adds	r2, r2, #31
  85 0032 8354     		strb	r3, [r0, r2]
  56:Core/Src/adc.c ****   hadc1.Init.ExternalTrigConv = ADC_SOFTWARE_START;
  86              		.loc 1 56 3 is_stmt 1 view .LVU25
  87              		.loc 1 56 31 is_stmt 0 view .LVU26
  88 0034 4362     		str	r3, [r0, #36]
  57:Core/Src/adc.c ****   hadc1.Init.ExternalTrigConvEdge = ADC_EXTERNALTRIGCONVEDGE_NONE;
  89              		.loc 1 57 3 is_stmt 1 view .LVU27
  90              		.loc 1 57 35 is_stmt 0 view .LVU28
  91 0036 8362     		str	r3, [r0, #40]
  58:Core/Src/adc.c ****   hadc1.Init.DMAContinuousRequests = DISABLE;
  92              		.loc 1 58 3 is_stmt 1 view .LVU29
  93              		.loc 1 58 36 is_stmt 0 view .LVU30
  94 0038 0C32     		adds	r2, r2, #12
  95 003a 8354     		strb	r3, [r0, r2]
  59:Core/Src/adc.c ****   hadc1.Init.Overrun = ADC_OVR_DATA_PRESERVED;
  96              		.loc 1 59 3 is_stmt 1 view .LVU31
  97              		.loc 1 59 22 is_stmt 0 view .LVU32
  98 003c 0363     		str	r3, [r0, #48]
  60:Core/Src/adc.c ****   hadc1.Init.SamplingTimeCommon1 = ADC_SAMPLETIME_1CYCLE_5;
  99              		.loc 1 60 3 is_stmt 1 view .LVU33
 100              		.loc 1 60 34 is_stmt 0 view .LVU34
 101 003e 4363     		str	r3, [r0, #52]
  61:Core/Src/adc.c ****   hadc1.Init.SamplingTimeCommon2 = ADC_SAMPLETIME_1CYCLE_5;
 102              		.loc 1 61 3 is_stmt 1 view .LVU35
 103              		.loc 1 61 34 is_stmt 0 view .LVU36
 104 0040 8363     		str	r3, [r0, #56]
  62:Core/Src/adc.c ****   hadc1.Init.OversamplingMode = DISABLE;
 105              		.loc 1 62 3 is_stmt 1 view .LVU37
 106              		.loc 1 62 31 is_stmt 0 view .LVU38
 107 0042 1032     		adds	r2, r2, #16
 108 0044 8354     		strb	r3, [r0, r2]
  63:Core/Src/adc.c ****   hadc1.Init.TriggerFrequencyMode = ADC_TRIGGER_FREQ_HIGH;
 109              		.loc 1 63 3 is_stmt 1 view .LVU39
ARM GAS  C:\Users\tugru\AppData\Local\Temp\ccNzhWDs.s 			page 4


 110              		.loc 1 63 35 is_stmt 0 view .LVU40
 111 0046 C364     		str	r3, [r0, #76]
  64:Core/Src/adc.c ****   if (HAL_ADC_Init(&hadc1) != HAL_OK)
 112              		.loc 1 64 3 is_stmt 1 view .LVU41
 113              		.loc 1 64 7 is_stmt 0 view .LVU42
 114 0048 FFF7FEFF 		bl	HAL_ADC_Init
 115              	.LVL1:
 116              		.loc 1 64 6 view .LVU43
 117 004c 0028     		cmp	r0, #0
 118 004e 0CD1     		bne	.L4
 119              	.L2:
  65:Core/Src/adc.c ****   {
  66:Core/Src/adc.c ****     Error_Handler();
  67:Core/Src/adc.c ****   }
  68:Core/Src/adc.c **** 
  69:Core/Src/adc.c ****   /** Configure Regular Channel
  70:Core/Src/adc.c ****   */
  71:Core/Src/adc.c ****   sConfig.Channel = ADC_CHANNEL_0;
 120              		.loc 1 71 3 is_stmt 1 view .LVU44
 121              		.loc 1 71 19 is_stmt 0 view .LVU45
 122 0050 0123     		movs	r3, #1
 123 0052 0193     		str	r3, [sp, #4]
  72:Core/Src/adc.c ****   sConfig.Rank = ADC_REGULAR_RANK_1;
 124              		.loc 1 72 3 is_stmt 1 view .LVU46
 125              		.loc 1 72 16 is_stmt 0 view .LVU47
 126 0054 0023     		movs	r3, #0
 127 0056 0293     		str	r3, [sp, #8]
  73:Core/Src/adc.c ****   sConfig.SamplingTime = ADC_SAMPLINGTIME_COMMON_1;
 128              		.loc 1 73 3 is_stmt 1 view .LVU48
 129              		.loc 1 73 24 is_stmt 0 view .LVU49
 130 0058 0393     		str	r3, [sp, #12]
  74:Core/Src/adc.c ****   if (HAL_ADC_ConfigChannel(&hadc1, &sConfig) != HAL_OK)
 131              		.loc 1 74 3 is_stmt 1 view .LVU50
 132              		.loc 1 74 7 is_stmt 0 view .LVU51
 133 005a 01A9     		add	r1, sp, #4
 134 005c 0648     		ldr	r0, .L6
 135 005e FFF7FEFF 		bl	HAL_ADC_ConfigChannel
 136              	.LVL2:
 137              		.loc 1 74 6 view .LVU52
 138 0062 0028     		cmp	r0, #0
 139 0064 04D1     		bne	.L5
 140              	.L1:
  75:Core/Src/adc.c ****   {
  76:Core/Src/adc.c ****     Error_Handler();
  77:Core/Src/adc.c ****   }
  78:Core/Src/adc.c ****   /* USER CODE BEGIN ADC1_Init 2 */
  79:Core/Src/adc.c **** 
  80:Core/Src/adc.c ****   /* USER CODE END ADC1_Init 2 */
  81:Core/Src/adc.c **** 
  82:Core/Src/adc.c **** }
 141              		.loc 1 82 1 view .LVU53
 142 0066 05B0     		add	sp, sp, #20
 143              		@ sp needed
 144 0068 00BD     		pop	{pc}
 145              	.L4:
  66:Core/Src/adc.c ****   }
 146              		.loc 1 66 5 is_stmt 1 view .LVU54
ARM GAS  C:\Users\tugru\AppData\Local\Temp\ccNzhWDs.s 			page 5


 147 006a FFF7FEFF 		bl	Error_Handler
 148              	.LVL3:
 149 006e EFE7     		b	.L2
 150              	.L5:
  76:Core/Src/adc.c ****   }
 151              		.loc 1 76 5 view .LVU55
 152 0070 FFF7FEFF 		bl	Error_Handler
 153              	.LVL4:
 154              		.loc 1 82 1 is_stmt 0 view .LVU56
 155 0074 F7E7     		b	.L1
 156              	.L7:
 157 0076 C046     		.align	2
 158              	.L6:
 159 0078 00000000 		.word	.LANCHOR0
 160 007c 00240140 		.word	1073816576
 161              		.cfi_endproc
 162              	.LFE440:
 164              		.section	.text.HAL_ADC_MspInit,"ax",%progbits
 165              		.align	1
 166              		.global	HAL_ADC_MspInit
 167              		.syntax unified
 168              		.code	16
 169              		.thumb_func
 171              	HAL_ADC_MspInit:
 172              	.LVL5:
 173              	.LFB441:
  83:Core/Src/adc.c **** 
  84:Core/Src/adc.c **** void HAL_ADC_MspInit(ADC_HandleTypeDef* adcHandle)
  85:Core/Src/adc.c **** {
 174              		.loc 1 85 1 is_stmt 1 view -0
 175              		.cfi_startproc
 176              		@ args = 0, pretend = 0, frame = 32
 177              		@ frame_needed = 0, uses_anonymous_args = 0
 178              		.loc 1 85 1 is_stmt 0 view .LVU58
 179 0000 10B5     		push	{r4, lr}
 180              	.LCFI2:
 181              		.cfi_def_cfa_offset 8
 182              		.cfi_offset 4, -8
 183              		.cfi_offset 14, -4
 184 0002 88B0     		sub	sp, sp, #32
 185              	.LCFI3:
 186              		.cfi_def_cfa_offset 40
 187 0004 0400     		movs	r4, r0
  86:Core/Src/adc.c **** 
  87:Core/Src/adc.c ****   GPIO_InitTypeDef GPIO_InitStruct = {0};
 188              		.loc 1 87 3 is_stmt 1 view .LVU59
 189              		.loc 1 87 20 is_stmt 0 view .LVU60
 190 0006 1422     		movs	r2, #20
 191 0008 0021     		movs	r1, #0
 192 000a 03A8     		add	r0, sp, #12
 193              	.LVL6:
 194              		.loc 1 87 20 view .LVU61
 195 000c FFF7FEFF 		bl	memset
 196              	.LVL7:
  88:Core/Src/adc.c ****   if(adcHandle->Instance==ADC1)
 197              		.loc 1 88 3 is_stmt 1 view .LVU62
 198              		.loc 1 88 15 is_stmt 0 view .LVU63
ARM GAS  C:\Users\tugru\AppData\Local\Temp\ccNzhWDs.s 			page 6


 199 0010 2268     		ldr	r2, [r4]
 200              		.loc 1 88 5 view .LVU64
 201 0012 104B     		ldr	r3, .L11
 202 0014 9A42     		cmp	r2, r3
 203 0016 01D0     		beq	.L10
 204              	.L8:
  89:Core/Src/adc.c ****   {
  90:Core/Src/adc.c ****   /* USER CODE BEGIN ADC1_MspInit 0 */
  91:Core/Src/adc.c **** 
  92:Core/Src/adc.c ****   /* USER CODE END ADC1_MspInit 0 */
  93:Core/Src/adc.c ****     /* ADC1 clock enable */
  94:Core/Src/adc.c ****     __HAL_RCC_ADC_CLK_ENABLE();
  95:Core/Src/adc.c **** 
  96:Core/Src/adc.c ****     __HAL_RCC_GPIOA_CLK_ENABLE();
  97:Core/Src/adc.c ****     /**ADC1 GPIO Configuration
  98:Core/Src/adc.c ****     PA0     ------> ADC1_IN0
  99:Core/Src/adc.c ****     */
 100:Core/Src/adc.c ****     GPIO_InitStruct.Pin = GPIO_PIN_0;
 101:Core/Src/adc.c ****     GPIO_InitStruct.Mode = GPIO_MODE_ANALOG;
 102:Core/Src/adc.c ****     GPIO_InitStruct.Pull = GPIO_NOPULL;
 103:Core/Src/adc.c ****     HAL_GPIO_Init(GPIOA, &GPIO_InitStruct);
 104:Core/Src/adc.c **** 
 105:Core/Src/adc.c ****   /* USER CODE BEGIN ADC1_MspInit 1 */
 106:Core/Src/adc.c **** 
 107:Core/Src/adc.c ****   /* USER CODE END ADC1_MspInit 1 */
 108:Core/Src/adc.c ****   }
 109:Core/Src/adc.c **** }
 205              		.loc 1 109 1 view .LVU65
 206 0018 08B0     		add	sp, sp, #32
 207              		@ sp needed
 208              	.LVL8:
 209              		.loc 1 109 1 view .LVU66
 210 001a 10BD     		pop	{r4, pc}
 211              	.LVL9:
 212              	.L10:
  94:Core/Src/adc.c **** 
 213              		.loc 1 94 5 is_stmt 1 view .LVU67
 214              	.LBB2:
  94:Core/Src/adc.c **** 
 215              		.loc 1 94 5 view .LVU68
  94:Core/Src/adc.c **** 
 216              		.loc 1 94 5 view .LVU69
 217 001c 0E4B     		ldr	r3, .L11+4
 218 001e 196C     		ldr	r1, [r3, #64]
 219 0020 8020     		movs	r0, #128
 220 0022 4003     		lsls	r0, r0, #13
 221 0024 0143     		orrs	r1, r0
 222 0026 1964     		str	r1, [r3, #64]
  94:Core/Src/adc.c **** 
 223              		.loc 1 94 5 view .LVU70
 224 0028 1A6C     		ldr	r2, [r3, #64]
 225 002a 0240     		ands	r2, r0
 226 002c 0192     		str	r2, [sp, #4]
  94:Core/Src/adc.c **** 
 227              		.loc 1 94 5 view .LVU71
 228 002e 019A     		ldr	r2, [sp, #4]
 229              	.LBE2:
ARM GAS  C:\Users\tugru\AppData\Local\Temp\ccNzhWDs.s 			page 7


  94:Core/Src/adc.c **** 
 230              		.loc 1 94 5 view .LVU72
  96:Core/Src/adc.c ****     /**ADC1 GPIO Configuration
 231              		.loc 1 96 5 view .LVU73
 232              	.LBB3:
  96:Core/Src/adc.c ****     /**ADC1 GPIO Configuration
 233              		.loc 1 96 5 view .LVU74
  96:Core/Src/adc.c ****     /**ADC1 GPIO Configuration
 234              		.loc 1 96 5 view .LVU75
 235 0030 596B     		ldr	r1, [r3, #52]
 236 0032 0122     		movs	r2, #1
 237 0034 1143     		orrs	r1, r2
 238 0036 5963     		str	r1, [r3, #52]
  96:Core/Src/adc.c ****     /**ADC1 GPIO Configuration
 239              		.loc 1 96 5 view .LVU76
 240 0038 5B6B     		ldr	r3, [r3, #52]
 241 003a 1340     		ands	r3, r2
 242 003c 0293     		str	r3, [sp, #8]
  96:Core/Src/adc.c ****     /**ADC1 GPIO Configuration
 243              		.loc 1 96 5 view .LVU77
 244 003e 029B     		ldr	r3, [sp, #8]
 245              	.LBE3:
  96:Core/Src/adc.c ****     /**ADC1 GPIO Configuration
 246              		.loc 1 96 5 view .LVU78
 100:Core/Src/adc.c ****     GPIO_InitStruct.Mode = GPIO_MODE_ANALOG;
 247              		.loc 1 100 5 view .LVU79
 100:Core/Src/adc.c ****     GPIO_InitStruct.Mode = GPIO_MODE_ANALOG;
 248              		.loc 1 100 25 is_stmt 0 view .LVU80
 249 0040 0392     		str	r2, [sp, #12]
 101:Core/Src/adc.c ****     GPIO_InitStruct.Pull = GPIO_NOPULL;
 250              		.loc 1 101 5 is_stmt 1 view .LVU81
 101:Core/Src/adc.c ****     GPIO_InitStruct.Pull = GPIO_NOPULL;
 251              		.loc 1 101 26 is_stmt 0 view .LVU82
 252 0042 0323     		movs	r3, #3
 253 0044 0493     		str	r3, [sp, #16]
 102:Core/Src/adc.c ****     HAL_GPIO_Init(GPIOA, &GPIO_InitStruct);
 254              		.loc 1 102 5 is_stmt 1 view .LVU83
 103:Core/Src/adc.c **** 
 255              		.loc 1 103 5 view .LVU84
 256 0046 A020     		movs	r0, #160
 257 0048 03A9     		add	r1, sp, #12
 258 004a C005     		lsls	r0, r0, #23
 259 004c FFF7FEFF 		bl	HAL_GPIO_Init
 260              	.LVL10:
 261              		.loc 1 109 1 is_stmt 0 view .LVU85
 262 0050 E2E7     		b	.L8
 263              	.L12:
 264 0052 C046     		.align	2
 265              	.L11:
 266 0054 00240140 		.word	1073816576
 267 0058 00100240 		.word	1073876992
 268              		.cfi_endproc
 269              	.LFE441:
 271              		.section	.text.HAL_ADC_MspDeInit,"ax",%progbits
 272              		.align	1
 273              		.global	HAL_ADC_MspDeInit
 274              		.syntax unified
ARM GAS  C:\Users\tugru\AppData\Local\Temp\ccNzhWDs.s 			page 8


 275              		.code	16
 276              		.thumb_func
 278              	HAL_ADC_MspDeInit:
 279              	.LVL11:
 280              	.LFB442:
 110:Core/Src/adc.c **** 
 111:Core/Src/adc.c **** void HAL_ADC_MspDeInit(ADC_HandleTypeDef* adcHandle)
 112:Core/Src/adc.c **** {
 281              		.loc 1 112 1 is_stmt 1 view -0
 282              		.cfi_startproc
 283              		@ args = 0, pretend = 0, frame = 0
 284              		@ frame_needed = 0, uses_anonymous_args = 0
 285              		.loc 1 112 1 is_stmt 0 view .LVU87
 286 0000 10B5     		push	{r4, lr}
 287              	.LCFI4:
 288              		.cfi_def_cfa_offset 8
 289              		.cfi_offset 4, -8
 290              		.cfi_offset 14, -4
 113:Core/Src/adc.c **** 
 114:Core/Src/adc.c ****   if(adcHandle->Instance==ADC1)
 291              		.loc 1 114 3 is_stmt 1 view .LVU88
 292              		.loc 1 114 15 is_stmt 0 view .LVU89
 293 0002 0268     		ldr	r2, [r0]
 294              		.loc 1 114 5 view .LVU90
 295 0004 074B     		ldr	r3, .L16
 296 0006 9A42     		cmp	r2, r3
 297 0008 00D0     		beq	.L15
 298              	.LVL12:
 299              	.L13:
 115:Core/Src/adc.c ****   {
 116:Core/Src/adc.c ****   /* USER CODE BEGIN ADC1_MspDeInit 0 */
 117:Core/Src/adc.c **** 
 118:Core/Src/adc.c ****   /* USER CODE END ADC1_MspDeInit 0 */
 119:Core/Src/adc.c ****     /* Peripheral clock disable */
 120:Core/Src/adc.c ****     __HAL_RCC_ADC_CLK_DISABLE();
 121:Core/Src/adc.c **** 
 122:Core/Src/adc.c ****     /**ADC1 GPIO Configuration
 123:Core/Src/adc.c ****     PA0     ------> ADC1_IN0
 124:Core/Src/adc.c ****     */
 125:Core/Src/adc.c ****     HAL_GPIO_DeInit(GPIOA, GPIO_PIN_0);
 126:Core/Src/adc.c **** 
 127:Core/Src/adc.c ****   /* USER CODE BEGIN ADC1_MspDeInit 1 */
 128:Core/Src/adc.c **** 
 129:Core/Src/adc.c ****   /* USER CODE END ADC1_MspDeInit 1 */
 130:Core/Src/adc.c ****   }
 131:Core/Src/adc.c **** }
 300              		.loc 1 131 1 view .LVU91
 301              		@ sp needed
 302 000a 10BD     		pop	{r4, pc}
 303              	.LVL13:
 304              	.L15:
 120:Core/Src/adc.c **** 
 305              		.loc 1 120 5 is_stmt 1 view .LVU92
 306 000c 064A     		ldr	r2, .L16+4
 307 000e 136C     		ldr	r3, [r2, #64]
 308 0010 0649     		ldr	r1, .L16+8
 309 0012 0B40     		ands	r3, r1
ARM GAS  C:\Users\tugru\AppData\Local\Temp\ccNzhWDs.s 			page 9


 310 0014 1364     		str	r3, [r2, #64]
 125:Core/Src/adc.c **** 
 311              		.loc 1 125 5 view .LVU93
 312 0016 A020     		movs	r0, #160
 313              	.LVL14:
 125:Core/Src/adc.c **** 
 314              		.loc 1 125 5 is_stmt 0 view .LVU94
 315 0018 0121     		movs	r1, #1
 316 001a C005     		lsls	r0, r0, #23
 317 001c FFF7FEFF 		bl	HAL_GPIO_DeInit
 318              	.LVL15:
 319              		.loc 1 131 1 view .LVU95
 320 0020 F3E7     		b	.L13
 321              	.L17:
 322 0022 C046     		.align	2
 323              	.L16:
 324 0024 00240140 		.word	1073816576
 325 0028 00100240 		.word	1073876992
 326 002c FFFFEFFF 		.word	-1048577
 327              		.cfi_endproc
 328              	.LFE442:
 330              		.global	hadc1
 331              		.section	.bss.hadc1,"aw",%nobits
 332              		.align	2
 333              		.set	.LANCHOR0,. + 0
 336              	hadc1:
 337 0000 00000000 		.space	100
 337      00000000 
 337      00000000 
 337      00000000 
 337      00000000 
 338              		.text
 339              	.Letext0:
 340              		.file 2 "c:\\dev\\tools\\gcc-arm-none-eabi-10.3-2021.10\\arm-none-eabi\\include\\machine\\_default
 341              		.file 3 "c:\\dev\\tools\\gcc-arm-none-eabi-10.3-2021.10\\arm-none-eabi\\include\\sys\\_stdint.h"
 342              		.file 4 "Drivers/CMSIS/Device/ST/STM32G0xx/Include/stm32g070xx.h"
 343              		.file 5 "Drivers/CMSIS/Device/ST/STM32G0xx/Include/stm32g0xx.h"
 344              		.file 6 "Drivers/STM32G0xx_HAL_Driver/Inc/stm32g0xx_hal_def.h"
 345              		.file 7 "Drivers/STM32G0xx_HAL_Driver/Inc/stm32g0xx_hal_gpio.h"
 346              		.file 8 "Drivers/STM32G0xx_HAL_Driver/Inc/stm32g0xx_hal_dma.h"
 347              		.file 9 "Drivers/STM32G0xx_HAL_Driver/Inc/stm32g0xx_hal_adc.h"
 348              		.file 10 "Drivers/STM32G0xx_HAL_Driver/Inc/stm32g0xx_ll_dma.h"
 349              		.file 11 "Core/Inc/main.h"
 350              		.file 12 "Core/Inc/adc.h"
 351              		.file 13 "<built-in>"
ARM GAS  C:\Users\tugru\AppData\Local\Temp\ccNzhWDs.s 			page 10


DEFINED SYMBOLS
                            *ABS*:00000000 adc.c
C:\Users\tugru\AppData\Local\Temp\ccNzhWDs.s:18     .text.MX_ADC1_Init:00000000 $t
C:\Users\tugru\AppData\Local\Temp\ccNzhWDs.s:24     .text.MX_ADC1_Init:00000000 MX_ADC1_Init
C:\Users\tugru\AppData\Local\Temp\ccNzhWDs.s:159    .text.MX_ADC1_Init:00000078 $d
C:\Users\tugru\AppData\Local\Temp\ccNzhWDs.s:165    .text.HAL_ADC_MspInit:00000000 $t
C:\Users\tugru\AppData\Local\Temp\ccNzhWDs.s:171    .text.HAL_ADC_MspInit:00000000 HAL_ADC_MspInit
C:\Users\tugru\AppData\Local\Temp\ccNzhWDs.s:266    .text.HAL_ADC_MspInit:00000054 $d
C:\Users\tugru\AppData\Local\Temp\ccNzhWDs.s:272    .text.HAL_ADC_MspDeInit:00000000 $t
C:\Users\tugru\AppData\Local\Temp\ccNzhWDs.s:278    .text.HAL_ADC_MspDeInit:00000000 HAL_ADC_MspDeInit
C:\Users\tugru\AppData\Local\Temp\ccNzhWDs.s:324    .text.HAL_ADC_MspDeInit:00000024 $d
C:\Users\tugru\AppData\Local\Temp\ccNzhWDs.s:336    .bss.hadc1:00000000 hadc1
C:\Users\tugru\AppData\Local\Temp\ccNzhWDs.s:332    .bss.hadc1:00000000 $d

UNDEFINED SYMBOLS
memset
HAL_ADC_Init
HAL_ADC_ConfigChannel
Error_Handler
HAL_GPIO_Init
HAL_GPIO_DeInit
