ARM GAS  C:\Users\tugru\AppData\Local\Temp\ccjiNdrF.s 			page 1


   1              		.cpu cortex-m0plus
   2              		.arch armv6s-m
   3              		.fpu softvfp
   4              		.eabi_attribute 20, 1
   5              		.eabi_attribute 21, 1
   6              		.eabi_attribute 23, 3
   7              		.eabi_attribute 24, 1
   8              		.eabi_attribute 25, 1
   9              		.eabi_attribute 26, 1
  10              		.eabi_attribute 30, 1
  11              		.eabi_attribute 34, 0
  12              		.eabi_attribute 18, 4
  13              		.file	"spi.c"
  14              		.text
  15              	.Ltext0:
  16              		.cfi_sections	.debug_frame
  17              		.section	.text.MX_SPI2_Init,"ax",%progbits
  18              		.align	1
  19              		.global	MX_SPI2_Init
  20              		.syntax unified
  21              		.code	16
  22              		.thumb_func
  24              	MX_SPI2_Init:
  25              	.LFB440:
  26              		.file 1 "Core/Src/spi.c"
   1:Core/Src/spi.c **** /* USER CODE BEGIN Header */
   2:Core/Src/spi.c **** /**
   3:Core/Src/spi.c ****   ******************************************************************************
   4:Core/Src/spi.c ****   * @file    spi.c
   5:Core/Src/spi.c ****   * @brief   This file provides code for the configuration
   6:Core/Src/spi.c ****   *          of the SPI instances.
   7:Core/Src/spi.c ****   ******************************************************************************
   8:Core/Src/spi.c ****   * @attention
   9:Core/Src/spi.c ****   *
  10:Core/Src/spi.c ****   * Copyright (c) 2025 STMicroelectronics.
  11:Core/Src/spi.c ****   * All rights reserved.
  12:Core/Src/spi.c ****   *
  13:Core/Src/spi.c ****   * This software is licensed under terms that can be found in the LICENSE file
  14:Core/Src/spi.c ****   * in the root directory of this software component.
  15:Core/Src/spi.c ****   * If no LICENSE file comes with this software, it is provided AS-IS.
  16:Core/Src/spi.c ****   *
  17:Core/Src/spi.c ****   ******************************************************************************
  18:Core/Src/spi.c ****   */
  19:Core/Src/spi.c **** /* USER CODE END Header */
  20:Core/Src/spi.c **** /* Includes ------------------------------------------------------------------*/
  21:Core/Src/spi.c **** #include "spi.h"
  22:Core/Src/spi.c **** 
  23:Core/Src/spi.c **** /* USER CODE BEGIN 0 */
  24:Core/Src/spi.c **** 
  25:Core/Src/spi.c **** /* USER CODE END 0 */
  26:Core/Src/spi.c **** 
  27:Core/Src/spi.c **** SPI_HandleTypeDef hspi2;
  28:Core/Src/spi.c **** 
  29:Core/Src/spi.c **** /* SPI2 init function */
  30:Core/Src/spi.c **** void MX_SPI2_Init(void)
  31:Core/Src/spi.c **** {
  27              		.loc 1 31 1 view -0
ARM GAS  C:\Users\tugru\AppData\Local\Temp\ccjiNdrF.s 			page 2


  28              		.cfi_startproc
  29              		@ args = 0, pretend = 0, frame = 0
  30              		@ frame_needed = 0, uses_anonymous_args = 0
  31 0000 10B5     		push	{r4, lr}
  32              	.LCFI0:
  33              		.cfi_def_cfa_offset 8
  34              		.cfi_offset 4, -8
  35              		.cfi_offset 14, -4
  32:Core/Src/spi.c **** 
  33:Core/Src/spi.c ****   /* USER CODE BEGIN SPI2_Init 0 */
  34:Core/Src/spi.c **** 
  35:Core/Src/spi.c ****   /* USER CODE END SPI2_Init 0 */
  36:Core/Src/spi.c **** 
  37:Core/Src/spi.c ****   /* USER CODE BEGIN SPI2_Init 1 */
  38:Core/Src/spi.c **** 
  39:Core/Src/spi.c ****   /* USER CODE END SPI2_Init 1 */
  40:Core/Src/spi.c ****   hspi2.Instance = SPI2;
  36              		.loc 1 40 3 view .LVU1
  37              		.loc 1 40 18 is_stmt 0 view .LVU2
  38 0002 0D48     		ldr	r0, .L4
  39 0004 0D4B     		ldr	r3, .L4+4
  40 0006 0360     		str	r3, [r0]
  41:Core/Src/spi.c ****   hspi2.Init.Mode = SPI_MODE_SLAVE;
  41              		.loc 1 41 3 is_stmt 1 view .LVU3
  42              		.loc 1 41 19 is_stmt 0 view .LVU4
  43 0008 0023     		movs	r3, #0
  44 000a 4360     		str	r3, [r0, #4]
  42:Core/Src/spi.c ****   hspi2.Init.Direction = SPI_DIRECTION_2LINES;
  45              		.loc 1 42 3 is_stmt 1 view .LVU5
  46              		.loc 1 42 24 is_stmt 0 view .LVU6
  47 000c 8360     		str	r3, [r0, #8]
  43:Core/Src/spi.c ****   hspi2.Init.DataSize = SPI_DATASIZE_8BIT;
  48              		.loc 1 43 3 is_stmt 1 view .LVU7
  49              		.loc 1 43 23 is_stmt 0 view .LVU8
  50 000e E022     		movs	r2, #224
  51 0010 D200     		lsls	r2, r2, #3
  52 0012 C260     		str	r2, [r0, #12]
  44:Core/Src/spi.c ****   hspi2.Init.CLKPolarity = SPI_POLARITY_LOW;
  53              		.loc 1 44 3 is_stmt 1 view .LVU9
  54              		.loc 1 44 26 is_stmt 0 view .LVU10
  55 0014 0361     		str	r3, [r0, #16]
  45:Core/Src/spi.c ****   hspi2.Init.CLKPhase = SPI_PHASE_1EDGE;
  56              		.loc 1 45 3 is_stmt 1 view .LVU11
  57              		.loc 1 45 23 is_stmt 0 view .LVU12
  58 0016 4361     		str	r3, [r0, #20]
  46:Core/Src/spi.c ****   hspi2.Init.NSS = SPI_NSS_HARD_INPUT;
  59              		.loc 1 46 3 is_stmt 1 view .LVU13
  60              		.loc 1 46 18 is_stmt 0 view .LVU14
  61 0018 8361     		str	r3, [r0, #24]
  47:Core/Src/spi.c ****   hspi2.Init.FirstBit = SPI_FIRSTBIT_MSB;
  62              		.loc 1 47 3 is_stmt 1 view .LVU15
  63              		.loc 1 47 23 is_stmt 0 view .LVU16
  64 001a 0362     		str	r3, [r0, #32]
  48:Core/Src/spi.c ****   hspi2.Init.TIMode = SPI_TIMODE_DISABLE;
  65              		.loc 1 48 3 is_stmt 1 view .LVU17
  66              		.loc 1 48 21 is_stmt 0 view .LVU18
  67 001c 4362     		str	r3, [r0, #36]
ARM GAS  C:\Users\tugru\AppData\Local\Temp\ccjiNdrF.s 			page 3


  49:Core/Src/spi.c ****   hspi2.Init.CRCCalculation = SPI_CRCCALCULATION_DISABLE;
  68              		.loc 1 49 3 is_stmt 1 view .LVU19
  69              		.loc 1 49 29 is_stmt 0 view .LVU20
  70 001e 8362     		str	r3, [r0, #40]
  50:Core/Src/spi.c ****   hspi2.Init.CRCPolynomial = 7;
  71              		.loc 1 50 3 is_stmt 1 view .LVU21
  72              		.loc 1 50 28 is_stmt 0 view .LVU22
  73 0020 0722     		movs	r2, #7
  74 0022 C262     		str	r2, [r0, #44]
  51:Core/Src/spi.c ****   hspi2.Init.CRCLength = SPI_CRC_LENGTH_DATASIZE;
  75              		.loc 1 51 3 is_stmt 1 view .LVU23
  76              		.loc 1 51 24 is_stmt 0 view .LVU24
  77 0024 0363     		str	r3, [r0, #48]
  52:Core/Src/spi.c ****   hspi2.Init.NSSPMode = SPI_NSS_PULSE_DISABLE;
  78              		.loc 1 52 3 is_stmt 1 view .LVU25
  79              		.loc 1 52 23 is_stmt 0 view .LVU26
  80 0026 4363     		str	r3, [r0, #52]
  53:Core/Src/spi.c ****   if (HAL_SPI_Init(&hspi2) != HAL_OK)
  81              		.loc 1 53 3 is_stmt 1 view .LVU27
  82              		.loc 1 53 7 is_stmt 0 view .LVU28
  83 0028 FFF7FEFF 		bl	HAL_SPI_Init
  84              	.LVL0:
  85              		.loc 1 53 6 view .LVU29
  86 002c 0028     		cmp	r0, #0
  87 002e 00D1     		bne	.L3
  88              	.L1:
  54:Core/Src/spi.c ****   {
  55:Core/Src/spi.c ****     Error_Handler();
  56:Core/Src/spi.c ****   }
  57:Core/Src/spi.c ****   /* USER CODE BEGIN SPI2_Init 2 */
  58:Core/Src/spi.c **** 
  59:Core/Src/spi.c ****   /* USER CODE END SPI2_Init 2 */
  60:Core/Src/spi.c **** 
  61:Core/Src/spi.c **** }
  89              		.loc 1 61 1 view .LVU30
  90              		@ sp needed
  91 0030 10BD     		pop	{r4, pc}
  92              	.L3:
  55:Core/Src/spi.c ****   }
  93              		.loc 1 55 5 is_stmt 1 view .LVU31
  94 0032 FFF7FEFF 		bl	Error_Handler
  95              	.LVL1:
  96              		.loc 1 61 1 is_stmt 0 view .LVU32
  97 0036 FBE7     		b	.L1
  98              	.L5:
  99              		.align	2
 100              	.L4:
 101 0038 00000000 		.word	.LANCHOR0
 102 003c 00380040 		.word	1073756160
 103              		.cfi_endproc
 104              	.LFE440:
 106              		.section	.text.HAL_SPI_MspInit,"ax",%progbits
 107              		.align	1
 108              		.global	HAL_SPI_MspInit
 109              		.syntax unified
 110              		.code	16
 111              		.thumb_func
ARM GAS  C:\Users\tugru\AppData\Local\Temp\ccjiNdrF.s 			page 4


 113              	HAL_SPI_MspInit:
 114              	.LVL2:
 115              	.LFB441:
  62:Core/Src/spi.c **** 
  63:Core/Src/spi.c **** void HAL_SPI_MspInit(SPI_HandleTypeDef* spiHandle)
  64:Core/Src/spi.c **** {
 116              		.loc 1 64 1 is_stmt 1 view -0
 117              		.cfi_startproc
 118              		@ args = 0, pretend = 0, frame = 32
 119              		@ frame_needed = 0, uses_anonymous_args = 0
 120              		.loc 1 64 1 is_stmt 0 view .LVU34
 121 0000 70B5     		push	{r4, r5, r6, lr}
 122              	.LCFI1:
 123              		.cfi_def_cfa_offset 16
 124              		.cfi_offset 4, -16
 125              		.cfi_offset 5, -12
 126              		.cfi_offset 6, -8
 127              		.cfi_offset 14, -4
 128 0002 88B0     		sub	sp, sp, #32
 129              	.LCFI2:
 130              		.cfi_def_cfa_offset 48
 131 0004 0400     		movs	r4, r0
  65:Core/Src/spi.c **** 
  66:Core/Src/spi.c ****   GPIO_InitTypeDef GPIO_InitStruct = {0};
 132              		.loc 1 66 3 is_stmt 1 view .LVU35
 133              		.loc 1 66 20 is_stmt 0 view .LVU36
 134 0006 1422     		movs	r2, #20
 135 0008 0021     		movs	r1, #0
 136 000a 03A8     		add	r0, sp, #12
 137              	.LVL3:
 138              		.loc 1 66 20 view .LVU37
 139 000c FFF7FEFF 		bl	memset
 140              	.LVL4:
  67:Core/Src/spi.c ****   if(spiHandle->Instance==SPI2)
 141              		.loc 1 67 3 is_stmt 1 view .LVU38
 142              		.loc 1 67 15 is_stmt 0 view .LVU39
 143 0010 2268     		ldr	r2, [r4]
 144              		.loc 1 67 5 view .LVU40
 145 0012 214B     		ldr	r3, .L9
 146 0014 9A42     		cmp	r2, r3
 147 0016 01D0     		beq	.L8
 148              	.LVL5:
 149              	.L6:
  68:Core/Src/spi.c ****   {
  69:Core/Src/spi.c ****   /* USER CODE BEGIN SPI2_MspInit 0 */
  70:Core/Src/spi.c **** 
  71:Core/Src/spi.c ****   /* USER CODE END SPI2_MspInit 0 */
  72:Core/Src/spi.c ****     /* SPI2 clock enable */
  73:Core/Src/spi.c ****     __HAL_RCC_SPI2_CLK_ENABLE();
  74:Core/Src/spi.c **** 
  75:Core/Src/spi.c ****     __HAL_RCC_GPIOC_CLK_ENABLE();
  76:Core/Src/spi.c ****     __HAL_RCC_GPIOB_CLK_ENABLE();
  77:Core/Src/spi.c ****     /**SPI2 GPIO Configuration
  78:Core/Src/spi.c ****     PC2     ------> SPI2_MISO
  79:Core/Src/spi.c ****     PC3     ------> SPI2_MOSI
  80:Core/Src/spi.c ****     PB10     ------> SPI2_SCK
  81:Core/Src/spi.c ****     PB12     ------> SPI2_NSS
ARM GAS  C:\Users\tugru\AppData\Local\Temp\ccjiNdrF.s 			page 5


  82:Core/Src/spi.c ****     */
  83:Core/Src/spi.c ****     GPIO_InitStruct.Pin = GPIO_PIN_2|GPIO_PIN_3;
  84:Core/Src/spi.c ****     GPIO_InitStruct.Mode = GPIO_MODE_AF_PP;
  85:Core/Src/spi.c ****     GPIO_InitStruct.Pull = GPIO_NOPULL;
  86:Core/Src/spi.c ****     GPIO_InitStruct.Speed = GPIO_SPEED_FREQ_LOW;
  87:Core/Src/spi.c ****     GPIO_InitStruct.Alternate = GPIO_AF1_SPI2;
  88:Core/Src/spi.c ****     HAL_GPIO_Init(GPIOC, &GPIO_InitStruct);
  89:Core/Src/spi.c **** 
  90:Core/Src/spi.c ****     GPIO_InitStruct.Pin = GPIO_PIN_10;
  91:Core/Src/spi.c ****     GPIO_InitStruct.Mode = GPIO_MODE_AF_PP;
  92:Core/Src/spi.c ****     GPIO_InitStruct.Pull = GPIO_NOPULL;
  93:Core/Src/spi.c ****     GPIO_InitStruct.Speed = GPIO_SPEED_FREQ_LOW;
  94:Core/Src/spi.c ****     GPIO_InitStruct.Alternate = GPIO_AF5_SPI2;
  95:Core/Src/spi.c ****     HAL_GPIO_Init(GPIOB, &GPIO_InitStruct);
  96:Core/Src/spi.c **** 
  97:Core/Src/spi.c ****     GPIO_InitStruct.Pin = GPIO_PIN_12;
  98:Core/Src/spi.c ****     GPIO_InitStruct.Mode = GPIO_MODE_AF_PP;
  99:Core/Src/spi.c ****     GPIO_InitStruct.Pull = GPIO_NOPULL;
 100:Core/Src/spi.c ****     GPIO_InitStruct.Speed = GPIO_SPEED_FREQ_LOW;
 101:Core/Src/spi.c ****     GPIO_InitStruct.Alternate = GPIO_AF0_SPI2;
 102:Core/Src/spi.c ****     HAL_GPIO_Init(GPIOB, &GPIO_InitStruct);
 103:Core/Src/spi.c **** 
 104:Core/Src/spi.c ****   /* USER CODE BEGIN SPI2_MspInit 1 */
 105:Core/Src/spi.c **** 
 106:Core/Src/spi.c ****   /* USER CODE END SPI2_MspInit 1 */
 107:Core/Src/spi.c ****   }
 108:Core/Src/spi.c **** }
 150              		.loc 1 108 1 view .LVU41
 151 0018 08B0     		add	sp, sp, #32
 152              		@ sp needed
 153 001a 70BD     		pop	{r4, r5, r6, pc}
 154              	.LVL6:
 155              	.L8:
  73:Core/Src/spi.c **** 
 156              		.loc 1 73 5 is_stmt 1 view .LVU42
 157              	.LBB2:
  73:Core/Src/spi.c **** 
 158              		.loc 1 73 5 view .LVU43
  73:Core/Src/spi.c **** 
 159              		.loc 1 73 5 view .LVU44
 160 001c 1F4B     		ldr	r3, .L9+4
 161 001e D96B     		ldr	r1, [r3, #60]
 162 0020 8020     		movs	r0, #128
 163 0022 C001     		lsls	r0, r0, #7
 164 0024 0143     		orrs	r1, r0
 165 0026 D963     		str	r1, [r3, #60]
  73:Core/Src/spi.c **** 
 166              		.loc 1 73 5 view .LVU45
 167 0028 DA6B     		ldr	r2, [r3, #60]
 168 002a 0240     		ands	r2, r0
 169 002c 0092     		str	r2, [sp]
  73:Core/Src/spi.c **** 
 170              		.loc 1 73 5 view .LVU46
 171 002e 009A     		ldr	r2, [sp]
 172              	.LBE2:
  73:Core/Src/spi.c **** 
 173              		.loc 1 73 5 view .LVU47
ARM GAS  C:\Users\tugru\AppData\Local\Temp\ccjiNdrF.s 			page 6


  75:Core/Src/spi.c ****     __HAL_RCC_GPIOB_CLK_ENABLE();
 174              		.loc 1 75 5 view .LVU48
 175              	.LBB3:
  75:Core/Src/spi.c ****     __HAL_RCC_GPIOB_CLK_ENABLE();
 176              		.loc 1 75 5 view .LVU49
  75:Core/Src/spi.c ****     __HAL_RCC_GPIOB_CLK_ENABLE();
 177              		.loc 1 75 5 view .LVU50
 178 0030 596B     		ldr	r1, [r3, #52]
 179 0032 0422     		movs	r2, #4
 180 0034 1143     		orrs	r1, r2
 181 0036 5963     		str	r1, [r3, #52]
  75:Core/Src/spi.c ****     __HAL_RCC_GPIOB_CLK_ENABLE();
 182              		.loc 1 75 5 view .LVU51
 183 0038 596B     		ldr	r1, [r3, #52]
 184 003a 0A40     		ands	r2, r1
 185 003c 0192     		str	r2, [sp, #4]
  75:Core/Src/spi.c ****     __HAL_RCC_GPIOB_CLK_ENABLE();
 186              		.loc 1 75 5 view .LVU52
 187 003e 019A     		ldr	r2, [sp, #4]
 188              	.LBE3:
  75:Core/Src/spi.c ****     __HAL_RCC_GPIOB_CLK_ENABLE();
 189              		.loc 1 75 5 view .LVU53
  76:Core/Src/spi.c ****     /**SPI2 GPIO Configuration
 190              		.loc 1 76 5 view .LVU54
 191              	.LBB4:
  76:Core/Src/spi.c ****     /**SPI2 GPIO Configuration
 192              		.loc 1 76 5 view .LVU55
  76:Core/Src/spi.c ****     /**SPI2 GPIO Configuration
 193              		.loc 1 76 5 view .LVU56
 194 0040 5A6B     		ldr	r2, [r3, #52]
 195 0042 0225     		movs	r5, #2
 196 0044 2A43     		orrs	r2, r5
 197 0046 5A63     		str	r2, [r3, #52]
  76:Core/Src/spi.c ****     /**SPI2 GPIO Configuration
 198              		.loc 1 76 5 view .LVU57
 199 0048 5B6B     		ldr	r3, [r3, #52]
 200 004a 2B40     		ands	r3, r5
 201 004c 0293     		str	r3, [sp, #8]
  76:Core/Src/spi.c ****     /**SPI2 GPIO Configuration
 202              		.loc 1 76 5 view .LVU58
 203 004e 029B     		ldr	r3, [sp, #8]
 204              	.LBE4:
  76:Core/Src/spi.c ****     /**SPI2 GPIO Configuration
 205              		.loc 1 76 5 view .LVU59
  83:Core/Src/spi.c ****     GPIO_InitStruct.Mode = GPIO_MODE_AF_PP;
 206              		.loc 1 83 5 view .LVU60
  83:Core/Src/spi.c ****     GPIO_InitStruct.Mode = GPIO_MODE_AF_PP;
 207              		.loc 1 83 25 is_stmt 0 view .LVU61
 208 0050 0C23     		movs	r3, #12
 209 0052 0393     		str	r3, [sp, #12]
  84:Core/Src/spi.c ****     GPIO_InitStruct.Pull = GPIO_NOPULL;
 210              		.loc 1 84 5 is_stmt 1 view .LVU62
  84:Core/Src/spi.c ****     GPIO_InitStruct.Pull = GPIO_NOPULL;
 211              		.loc 1 84 26 is_stmt 0 view .LVU63
 212 0054 0495     		str	r5, [sp, #16]
  85:Core/Src/spi.c ****     GPIO_InitStruct.Speed = GPIO_SPEED_FREQ_LOW;
 213              		.loc 1 85 5 is_stmt 1 view .LVU64
ARM GAS  C:\Users\tugru\AppData\Local\Temp\ccjiNdrF.s 			page 7


  86:Core/Src/spi.c ****     GPIO_InitStruct.Alternate = GPIO_AF1_SPI2;
 214              		.loc 1 86 5 view .LVU65
  87:Core/Src/spi.c ****     HAL_GPIO_Init(GPIOC, &GPIO_InitStruct);
 215              		.loc 1 87 5 view .LVU66
  87:Core/Src/spi.c ****     HAL_GPIO_Init(GPIOC, &GPIO_InitStruct);
 216              		.loc 1 87 31 is_stmt 0 view .LVU67
 217 0056 0B3B     		subs	r3, r3, #11
 218 0058 0793     		str	r3, [sp, #28]
  88:Core/Src/spi.c **** 
 219              		.loc 1 88 5 is_stmt 1 view .LVU68
 220 005a 03A9     		add	r1, sp, #12
 221 005c 1048     		ldr	r0, .L9+8
 222 005e FFF7FEFF 		bl	HAL_GPIO_Init
 223              	.LVL7:
  90:Core/Src/spi.c ****     GPIO_InitStruct.Mode = GPIO_MODE_AF_PP;
 224              		.loc 1 90 5 view .LVU69
  90:Core/Src/spi.c ****     GPIO_InitStruct.Mode = GPIO_MODE_AF_PP;
 225              		.loc 1 90 25 is_stmt 0 view .LVU70
 226 0062 8023     		movs	r3, #128
 227 0064 DB00     		lsls	r3, r3, #3
 228 0066 0393     		str	r3, [sp, #12]
  91:Core/Src/spi.c ****     GPIO_InitStruct.Pull = GPIO_NOPULL;
 229              		.loc 1 91 5 is_stmt 1 view .LVU71
  91:Core/Src/spi.c ****     GPIO_InitStruct.Pull = GPIO_NOPULL;
 230              		.loc 1 91 26 is_stmt 0 view .LVU72
 231 0068 0495     		str	r5, [sp, #16]
  92:Core/Src/spi.c ****     GPIO_InitStruct.Speed = GPIO_SPEED_FREQ_LOW;
 232              		.loc 1 92 5 is_stmt 1 view .LVU73
  92:Core/Src/spi.c ****     GPIO_InitStruct.Speed = GPIO_SPEED_FREQ_LOW;
 233              		.loc 1 92 26 is_stmt 0 view .LVU74
 234 006a 0024     		movs	r4, #0
 235              	.LVL8:
  92:Core/Src/spi.c ****     GPIO_InitStruct.Speed = GPIO_SPEED_FREQ_LOW;
 236              		.loc 1 92 26 view .LVU75
 237 006c 0594     		str	r4, [sp, #20]
  93:Core/Src/spi.c ****     GPIO_InitStruct.Alternate = GPIO_AF5_SPI2;
 238              		.loc 1 93 5 is_stmt 1 view .LVU76
  93:Core/Src/spi.c ****     GPIO_InitStruct.Alternate = GPIO_AF5_SPI2;
 239              		.loc 1 93 27 is_stmt 0 view .LVU77
 240 006e 0694     		str	r4, [sp, #24]
  94:Core/Src/spi.c ****     HAL_GPIO_Init(GPIOB, &GPIO_InitStruct);
 241              		.loc 1 94 5 is_stmt 1 view .LVU78
  94:Core/Src/spi.c ****     HAL_GPIO_Init(GPIOB, &GPIO_InitStruct);
 242              		.loc 1 94 31 is_stmt 0 view .LVU79
 243 0070 0523     		movs	r3, #5
 244 0072 0793     		str	r3, [sp, #28]
  95:Core/Src/spi.c **** 
 245              		.loc 1 95 5 is_stmt 1 view .LVU80
 246 0074 0B4E     		ldr	r6, .L9+12
 247 0076 03A9     		add	r1, sp, #12
 248 0078 3000     		movs	r0, r6
 249 007a FFF7FEFF 		bl	HAL_GPIO_Init
 250              	.LVL9:
  97:Core/Src/spi.c ****     GPIO_InitStruct.Mode = GPIO_MODE_AF_PP;
 251              		.loc 1 97 5 view .LVU81
  97:Core/Src/spi.c ****     GPIO_InitStruct.Mode = GPIO_MODE_AF_PP;
 252              		.loc 1 97 25 is_stmt 0 view .LVU82
ARM GAS  C:\Users\tugru\AppData\Local\Temp\ccjiNdrF.s 			page 8


 253 007e 8023     		movs	r3, #128
 254 0080 5B01     		lsls	r3, r3, #5
 255 0082 0393     		str	r3, [sp, #12]
  98:Core/Src/spi.c ****     GPIO_InitStruct.Pull = GPIO_NOPULL;
 256              		.loc 1 98 5 is_stmt 1 view .LVU83
  98:Core/Src/spi.c ****     GPIO_InitStruct.Pull = GPIO_NOPULL;
 257              		.loc 1 98 26 is_stmt 0 view .LVU84
 258 0084 0495     		str	r5, [sp, #16]
  99:Core/Src/spi.c ****     GPIO_InitStruct.Speed = GPIO_SPEED_FREQ_LOW;
 259              		.loc 1 99 5 is_stmt 1 view .LVU85
  99:Core/Src/spi.c ****     GPIO_InitStruct.Speed = GPIO_SPEED_FREQ_LOW;
 260              		.loc 1 99 26 is_stmt 0 view .LVU86
 261 0086 0594     		str	r4, [sp, #20]
 100:Core/Src/spi.c ****     GPIO_InitStruct.Alternate = GPIO_AF0_SPI2;
 262              		.loc 1 100 5 is_stmt 1 view .LVU87
 100:Core/Src/spi.c ****     GPIO_InitStruct.Alternate = GPIO_AF0_SPI2;
 263              		.loc 1 100 27 is_stmt 0 view .LVU88
 264 0088 0694     		str	r4, [sp, #24]
 101:Core/Src/spi.c ****     HAL_GPIO_Init(GPIOB, &GPIO_InitStruct);
 265              		.loc 1 101 5 is_stmt 1 view .LVU89
 101:Core/Src/spi.c ****     HAL_GPIO_Init(GPIOB, &GPIO_InitStruct);
 266              		.loc 1 101 31 is_stmt 0 view .LVU90
 267 008a 0794     		str	r4, [sp, #28]
 102:Core/Src/spi.c **** 
 268              		.loc 1 102 5 is_stmt 1 view .LVU91
 269 008c 03A9     		add	r1, sp, #12
 270 008e 3000     		movs	r0, r6
 271 0090 FFF7FEFF 		bl	HAL_GPIO_Init
 272              	.LVL10:
 273              		.loc 1 108 1 is_stmt 0 view .LVU92
 274 0094 C0E7     		b	.L6
 275              	.L10:
 276 0096 C046     		.align	2
 277              	.L9:
 278 0098 00380040 		.word	1073756160
 279 009c 00100240 		.word	1073876992
 280 00a0 00080050 		.word	1342179328
 281 00a4 00040050 		.word	1342178304
 282              		.cfi_endproc
 283              	.LFE441:
 285              		.section	.text.HAL_SPI_MspDeInit,"ax",%progbits
 286              		.align	1
 287              		.global	HAL_SPI_MspDeInit
 288              		.syntax unified
 289              		.code	16
 290              		.thumb_func
 292              	HAL_SPI_MspDeInit:
 293              	.LVL11:
 294              	.LFB442:
 109:Core/Src/spi.c **** 
 110:Core/Src/spi.c **** void HAL_SPI_MspDeInit(SPI_HandleTypeDef* spiHandle)
 111:Core/Src/spi.c **** {
 295              		.loc 1 111 1 is_stmt 1 view -0
 296              		.cfi_startproc
 297              		@ args = 0, pretend = 0, frame = 0
 298              		@ frame_needed = 0, uses_anonymous_args = 0
 299              		.loc 1 111 1 is_stmt 0 view .LVU94
ARM GAS  C:\Users\tugru\AppData\Local\Temp\ccjiNdrF.s 			page 9


 300 0000 10B5     		push	{r4, lr}
 301              	.LCFI3:
 302              		.cfi_def_cfa_offset 8
 303              		.cfi_offset 4, -8
 304              		.cfi_offset 14, -4
 112:Core/Src/spi.c **** 
 113:Core/Src/spi.c ****   if(spiHandle->Instance==SPI2)
 305              		.loc 1 113 3 is_stmt 1 view .LVU95
 306              		.loc 1 113 15 is_stmt 0 view .LVU96
 307 0002 0268     		ldr	r2, [r0]
 308              		.loc 1 113 5 view .LVU97
 309 0004 094B     		ldr	r3, .L14
 310 0006 9A42     		cmp	r2, r3
 311 0008 00D0     		beq	.L13
 312              	.LVL12:
 313              	.L11:
 114:Core/Src/spi.c ****   {
 115:Core/Src/spi.c ****   /* USER CODE BEGIN SPI2_MspDeInit 0 */
 116:Core/Src/spi.c **** 
 117:Core/Src/spi.c ****   /* USER CODE END SPI2_MspDeInit 0 */
 118:Core/Src/spi.c ****     /* Peripheral clock disable */
 119:Core/Src/spi.c ****     __HAL_RCC_SPI2_CLK_DISABLE();
 120:Core/Src/spi.c **** 
 121:Core/Src/spi.c ****     /**SPI2 GPIO Configuration
 122:Core/Src/spi.c ****     PC2     ------> SPI2_MISO
 123:Core/Src/spi.c ****     PC3     ------> SPI2_MOSI
 124:Core/Src/spi.c ****     PB10     ------> SPI2_SCK
 125:Core/Src/spi.c ****     PB12     ------> SPI2_NSS
 126:Core/Src/spi.c ****     */
 127:Core/Src/spi.c ****     HAL_GPIO_DeInit(GPIOC, GPIO_PIN_2|GPIO_PIN_3);
 128:Core/Src/spi.c **** 
 129:Core/Src/spi.c ****     HAL_GPIO_DeInit(GPIOB, GPIO_PIN_10|GPIO_PIN_12);
 130:Core/Src/spi.c **** 
 131:Core/Src/spi.c ****   /* USER CODE BEGIN SPI2_MspDeInit 1 */
 132:Core/Src/spi.c **** 
 133:Core/Src/spi.c ****   /* USER CODE END SPI2_MspDeInit 1 */
 134:Core/Src/spi.c ****   }
 135:Core/Src/spi.c **** }
 314              		.loc 1 135 1 view .LVU98
 315              		@ sp needed
 316 000a 10BD     		pop	{r4, pc}
 317              	.LVL13:
 318              	.L13:
 119:Core/Src/spi.c **** 
 319              		.loc 1 119 5 is_stmt 1 view .LVU99
 320 000c 084A     		ldr	r2, .L14+4
 321 000e D36B     		ldr	r3, [r2, #60]
 322 0010 0849     		ldr	r1, .L14+8
 323 0012 0B40     		ands	r3, r1
 324 0014 D363     		str	r3, [r2, #60]
 127:Core/Src/spi.c **** 
 325              		.loc 1 127 5 view .LVU100
 326 0016 0C21     		movs	r1, #12
 327 0018 0748     		ldr	r0, .L14+12
 328              	.LVL14:
 127:Core/Src/spi.c **** 
 329              		.loc 1 127 5 is_stmt 0 view .LVU101
ARM GAS  C:\Users\tugru\AppData\Local\Temp\ccjiNdrF.s 			page 10


 330 001a FFF7FEFF 		bl	HAL_GPIO_DeInit
 331              	.LVL15:
 129:Core/Src/spi.c **** 
 332              		.loc 1 129 5 is_stmt 1 view .LVU102
 333 001e A021     		movs	r1, #160
 334 0020 4901     		lsls	r1, r1, #5
 335 0022 0648     		ldr	r0, .L14+16
 336 0024 FFF7FEFF 		bl	HAL_GPIO_DeInit
 337              	.LVL16:
 338              		.loc 1 135 1 is_stmt 0 view .LVU103
 339 0028 EFE7     		b	.L11
 340              	.L15:
 341 002a C046     		.align	2
 342              	.L14:
 343 002c 00380040 		.word	1073756160
 344 0030 00100240 		.word	1073876992
 345 0034 FFBFFFFF 		.word	-16385
 346 0038 00080050 		.word	1342179328
 347 003c 00040050 		.word	1342178304
 348              		.cfi_endproc
 349              	.LFE442:
 351              		.global	hspi2
 352              		.section	.bss.hspi2,"aw",%nobits
 353              		.align	2
 354              		.set	.LANCHOR0,. + 0
 357              	hspi2:
 358 0000 00000000 		.space	100
 358      00000000 
 358      00000000 
 358      00000000 
 358      00000000 
 359              		.text
 360              	.Letext0:
 361              		.file 2 "c:\\dev\\tools\\gcc-arm-none-eabi-10.3-2021.10\\arm-none-eabi\\include\\machine\\_default
 362              		.file 3 "c:\\dev\\tools\\gcc-arm-none-eabi-10.3-2021.10\\arm-none-eabi\\include\\sys\\_stdint.h"
 363              		.file 4 "Drivers/CMSIS/Device/ST/STM32G0xx/Include/stm32g070xx.h"
 364              		.file 5 "Drivers/STM32G0xx_HAL_Driver/Inc/stm32g0xx_hal_def.h"
 365              		.file 6 "Drivers/STM32G0xx_HAL_Driver/Inc/stm32g0xx_hal_gpio.h"
 366              		.file 7 "Drivers/STM32G0xx_HAL_Driver/Inc/stm32g0xx_hal_dma.h"
 367              		.file 8 "Drivers/STM32G0xx_HAL_Driver/Inc/stm32g0xx_hal_spi.h"
 368              		.file 9 "Drivers/STM32G0xx_HAL_Driver/Inc/stm32g0xx_ll_dma.h"
 369              		.file 10 "Core/Inc/main.h"
 370              		.file 11 "Core/Inc/spi.h"
 371              		.file 12 "<built-in>"
ARM GAS  C:\Users\tugru\AppData\Local\Temp\ccjiNdrF.s 			page 11


DEFINED SYMBOLS
                            *ABS*:00000000 spi.c
C:\Users\tugru\AppData\Local\Temp\ccjiNdrF.s:18     .text.MX_SPI2_Init:00000000 $t
C:\Users\tugru\AppData\Local\Temp\ccjiNdrF.s:24     .text.MX_SPI2_Init:00000000 MX_SPI2_Init
C:\Users\tugru\AppData\Local\Temp\ccjiNdrF.s:101    .text.MX_SPI2_Init:00000038 $d
C:\Users\tugru\AppData\Local\Temp\ccjiNdrF.s:107    .text.HAL_SPI_MspInit:00000000 $t
C:\Users\tugru\AppData\Local\Temp\ccjiNdrF.s:113    .text.HAL_SPI_MspInit:00000000 HAL_SPI_MspInit
C:\Users\tugru\AppData\Local\Temp\ccjiNdrF.s:278    .text.HAL_SPI_MspInit:00000098 $d
C:\Users\tugru\AppData\Local\Temp\ccjiNdrF.s:286    .text.HAL_SPI_MspDeInit:00000000 $t
C:\Users\tugru\AppData\Local\Temp\ccjiNdrF.s:292    .text.HAL_SPI_MspDeInit:00000000 HAL_SPI_MspDeInit
C:\Users\tugru\AppData\Local\Temp\ccjiNdrF.s:343    .text.HAL_SPI_MspDeInit:0000002c $d
C:\Users\tugru\AppData\Local\Temp\ccjiNdrF.s:357    .bss.hspi2:00000000 hspi2
C:\Users\tugru\AppData\Local\Temp\ccjiNdrF.s:353    .bss.hspi2:00000000 $d

UNDEFINED SYMBOLS
HAL_SPI_Init
Error_Handler
memset
HAL_GPIO_Init
HAL_GPIO_DeInit
